13:55:03.136  INFO  manager.ApplicationManager - All tests start in  ChromeDriver
13:55:07.797  INFO  manager.ApplicationManager - The current url is --->https://ilcarro-1578153671498.web.app/search
13:55:07.856  INFO  TestBase - START TEST WITH NAME : addCarSuccess
13:55:07.859  INFO  manager.ListenerWD - Before Find Elements By -->By.xpath: //a[text()=' Logout ']
13:55:12.900  INFO  manager.ListenerWD - After Find Elements By -->By.xpath: //a[text()=' Logout ']
13:55:12.903  INFO  manager.ListenerWD - List size is -->0
13:55:12.905  INFO  manager.ListenerWD - Before Find Element By -->By.cssSelector: a[href ^='/login']
13:55:12.950  INFO  manager.ListenerWD - After Find Element By -->By.cssSelector: a[href ^='/login']
13:55:13.092  INFO  manager.ListenerWD - Before Find Element By -->By.id: email
13:55:13.144  INFO  manager.ListenerWD - After Find Element By -->By.id: email
13:55:13.470  INFO  manager.ListenerWD - Before Find Element By -->By.id: password
13:55:13.520  INFO  manager.ListenerWD - After Find Element By -->By.id: password
13:55:13.809  INFO  manager.ListenerWD - Before Find Element By -->By.cssSelector: button[type='submit']
13:55:13.860  INFO  manager.ListenerWD - After Find Element By -->By.cssSelector: button[type='submit']
13:55:13.964  INFO  manager.ListenerWD - Before Find Element By -->By.cssSelector: button[type='submit']
13:55:13.993  INFO  manager.ListenerWD - After Find Element By -->By.cssSelector: button[type='submit']
13:55:14.053  INFO  manager.ListenerWD - Before Find Elements By -->By.xpath: //button[text()='Ok']
13:55:14.565  INFO  manager.ListenerWD - After Find Elements By -->By.xpath: //button[text()='Ok']
13:55:14.565  INFO  manager.ListenerWD - List size is -->1
13:55:14.566  INFO  manager.ListenerWD - Before Find Element By -->By.xpath: //button[text()='Ok']
13:55:14.626  INFO  manager.ListenerWD - After Find Element By -->By.xpath: //button[text()='Ok']
13:55:14.689  INFO  manager.HelperBase - Click OK button was needed
13:55:14.712  INFO  TestBase - The login was needed with user : User{name='null', lastname='null', email='mashka@gmail.com', password='mashkA12345$5', phone='null'}
13:55:14.777  INFO  TestBase - Test start with data --->Car(location=Haifa,Israel, make=BMW, model=M6, year=2019, engine=2, fuel=Petrol, gear=AT, wD=AWD, doors=4, seats=7, clasS=C, fuelConsumption=6.6, carRegNum=12-5-701, price=60, distanceInclued=900, featurs=Type of featurs, about=no smoking)
13:55:15.284  INFO  manager.ListenerWD - Before Find Element By -->By.cssSelector: [href='/let-car-work']
13:55:15.327  INFO  manager.ListenerWD - After Find Element By -->By.cssSelector: [href='/let-car-work']
13:55:15.472  INFO  manager.ListenerWD - Before Find Element By -->By.id: pickUpPlace
13:55:15.507  INFO  manager.ListenerWD - After Find Element By -->By.id: pickUpPlace
13:55:15.737  INFO  manager.ListenerWD - Before Find Element By -->By.cssSelector: div.pac-item
13:55:16.097  INFO  manager.ListenerWD - After Find Element By -->By.cssSelector: div.pac-item
13:55:16.697  INFO  manager.ListenerWD - Before Find Element By -->By.id: make
13:55:16.724  INFO  manager.ListenerWD - After Find Element By -->By.id: make
13:55:16.888  INFO  manager.ListenerWD - Before Find Element By -->By.id: model
13:55:16.922  INFO  manager.ListenerWD - After Find Element By -->By.id: model
13:55:17.134  INFO  manager.ListenerWD - Before Find Element By -->By.id: year
13:55:17.162  INFO  manager.ListenerWD - After Find Element By -->By.id: year
13:55:17.319  INFO  manager.ListenerWD - Before Find Element By -->By.id: engine
13:55:17.350  INFO  manager.ListenerWD - After Find Element By -->By.id: engine
13:55:17.513  INFO  manager.ListenerWD - Before Find Element By -->By.id: fuel
13:55:17.552  INFO  manager.ListenerWD - After Find Element By -->By.id: fuel
13:55:17.658  INFO  manager.ListenerWD - Before Find Element By -->By.id: gear
13:55:17.702  INFO  manager.ListenerWD - After Find Element By -->By.id: gear
13:55:17.833  INFO  manager.ListenerWD - Before Find Element By -->By.id: wheelsDrive
13:55:17.922  INFO  manager.ListenerWD - After Find Element By -->By.id: wheelsDrive
13:55:18.348  INFO  manager.ListenerWD - Before Find Element By -->By.id: doors
13:55:18.476  INFO  manager.ListenerWD - After Find Element By -->By.id: doors
13:55:19.121  INFO  manager.ListenerWD - Before Find Element By -->By.id: seats
13:55:19.211  INFO  manager.ListenerWD - After Find Element By -->By.id: seats
13:55:19.789  INFO  manager.ListenerWD - Before Find Element By -->By.id: class
13:55:19.822  INFO  manager.ListenerWD - After Find Element By -->By.id: class
13:55:20.170  INFO  manager.ListenerWD - Before Find Element By -->By.id: fuelConsumption
13:55:20.232  INFO  manager.ListenerWD - After Find Element By -->By.id: fuelConsumption
13:55:20.577  INFO  manager.ListenerWD - Before Find Element By -->By.id: serialNumber
13:55:20.637  INFO  manager.ListenerWD - After Find Element By -->By.id: serialNumber
13:55:21.164  INFO  manager.ListenerWD - Before Find Element By -->By.id: price
13:55:21.215  INFO  manager.ListenerWD - After Find Element By -->By.id: price
13:55:21.472  INFO  manager.ListenerWD - Before Find Element By -->By.id: distance
13:55:21.520  INFO  manager.ListenerWD - After Find Element By -->By.id: distance
13:55:21.818  INFO  manager.ListenerWD - Before Find Element By -->By.cssSelector: .feature-input
13:55:21.857  INFO  manager.ListenerWD - After Find Element By -->By.cssSelector: .feature-input
13:55:22.103  INFO  manager.ListenerWD - Before Find Element By -->By.id: about
13:55:22.127  INFO  manager.ListenerWD - After Find Element By -->By.id: about
13:55:22.321  INFO  manager.ListenerWD - Before Find Element By -->By.id: photos
13:55:22.350  INFO  manager.ListenerWD - After Find Element By -->By.id: photos
13:55:22.430  INFO  manager.ListenerWD - Before Find Element By -->By.cssSelector: button[type='submit']
13:55:22.482  INFO  manager.ListenerWD - After Find Element By -->By.cssSelector: button[type='submit']
13:55:23.942  INFO  manager.ListenerWD - Before Find Element By -->By.cssSelector: button[type='submit']
13:55:24.021  INFO  manager.ListenerWD - After Find Element By -->By.cssSelector: button[type='submit']
13:55:24.241  INFO  manager.ListenerWD - Before Find Element By -->By.cssSelector: div.dialog-container
13:55:25.685  INFO  manager.ListenerWD - After Find Element By -->By.cssSelector: div.dialog-container
13:55:25.751  INFO  manager.ListenerWD - Before Find Element By -->By.cssSelector: div.dialog-container>h1
13:55:25.834  INFO  manager.ListenerWD - After Find Element By -->By.cssSelector: div.dialog-container>h1
13:55:25.964  INFO  TestBase - In assert checked message 'Car added' in dialog  
13:55:25.976  INFO  manager.ListenerWD - Before Find Element By -->By.xpath: //button[text()='Search cars']
13:55:26.163  INFO  manager.ListenerWD - After Find Element By -->By.xpath: //button[text()='Search cars']
