22:28:57.919  INFO  manager.ApplicationManager - All tests start in  ChromeDriver
22:29:00.410  INFO  manager.ApplicationManager - The current url is --->https://ilcarro-1578153671498.web.app/search
22:29:14.107  INFO  manager.ListenerWD - Before Find Elements By -->By.xpath: //a[text()=' Logout ']
22:29:19.296  INFO  manager.ListenerWD - After Find Elements By -->By.xpath: //a[text()=' Logout ']
22:29:19.297  INFO  manager.ListenerWD - List size is -->0
22:29:29.551  INFO  manager.ListenerWD - Before Find Element By -->By.cssSelector: a[href ^='/login']
22:29:29.618  INFO  manager.ListenerWD - After Find Element By -->By.cssSelector: a[href ^='/login']
22:29:29.758  INFO  manager.ListenerWD - Before Find Element By -->By.id: email
22:29:29.842  INFO  manager.ListenerWD - After Find Element By -->By.id: email
22:29:30.142  INFO  manager.ListenerWD - Before Find Element By -->By.id: password
22:29:30.184  INFO  manager.ListenerWD - After Find Element By -->By.id: password
22:29:34.837  INFO  manager.ListenerWD - Before Find Element By -->By.cssSelector: button[type='submit
22:29:34.892  INFO  manager.ListenerWD - After Find Element By -->By.cssSelector: button[type='submit
22:29:34.981  INFO  manager.ListenerWD - Before Find Element By -->By.cssSelector: button[type='submit']
22:29:35.028  INFO  manager.ListenerWD - After Find Element By -->By.cssSelector: button[type='submit']
22:29:35.106  INFO  manager.ListenerWD - Before Find Elements By -->By.xpath: //button[text()='Ok']
22:29:35.547  INFO  manager.ListenerWD - After Find Elements By -->By.xpath: //button[text()='Ok']
22:29:35.548  INFO  manager.ListenerWD - List size is -->1
22:29:35.551  INFO  manager.ListenerWD - Before Find Element By -->By.xpath: //button[text()='Ok']
22:29:35.603  INFO  manager.ListenerWD - After Find Element By -->By.xpath: //button[text()='Ok']
22:29:35.676  INFO  manager.HelperBase - Click OK button was needed
22:29:35.677  INFO  TestBase - The login was needed with user : User{name='null', lastname='null', email='mashka@gmail.com', password='mashkA12345$5', phone='null'}
22:29:35.749  INFO  TestBase - Test start with data --->Car(location=split[0], make=split[1], model=split[2], year=split[3], engine=split[4], fuel=split[5], gear=split[6], wD=split[7], doors=split[8], seats=split[9], clasS=split[10], fuelConsumption=split[11], carRegNum=split[12], price=split[13], distanceInclued=split[14], featurs=split[15], about=split[16])
22:29:36.255  INFO  manager.ListenerWD - Before Find Element By -->By.cssSelector: [href='/let-car-work']
22:29:36.294  INFO  manager.ListenerWD - After Find Element By -->By.cssSelector: [href='/let-car-work']
22:29:36.422  INFO  manager.ListenerWD - Before Find Element By -->By.id: pickUpPlace
22:29:36.458  INFO  manager.ListenerWD - After Find Element By -->By.id: pickUpPlace
22:29:36.634  INFO  manager.ListenerWD - Before Find Element By -->By.cssSelector: div.pac-item
22:29:37.045  INFO  manager.ListenerWD - After Find Element By -->By.cssSelector: div.pac-item
22:29:37.741  INFO  manager.ListenerWD - Before Find Element By -->By.id: make
22:29:37.771  INFO  manager.ListenerWD - After Find Element By -->By.id: make
22:29:37.918  INFO  manager.ListenerWD - Before Find Element By -->By.id: model
22:29:37.952  INFO  manager.ListenerWD - After Find Element By -->By.id: model
22:29:38.124  INFO  manager.ListenerWD - Before Find Element By -->By.id: year
22:29:38.156  INFO  manager.ListenerWD - After Find Element By -->By.id: year
22:29:38.312  INFO  manager.ListenerWD - Before Find Element By -->By.id: engine
22:29:38.345  INFO  manager.ListenerWD - After Find Element By -->By.id: engine
22:29:38.536  INFO  manager.ListenerWD - Before Find Element By -->By.id: fuel
22:29:38.567  INFO  manager.ListenerWD - After Find Element By -->By.id: fuel
22:29:43.612  INFO  manager.ListenerWD - Before Find Element By -->By.xpath: //button[text()='Search cars']
22:29:48.672  INFO  manager.ListenerWD - We have a 'problem'
22:29:48.673  INFO  manager.ListenerWD - The name of error method  findElement
22:29:48.675  INFO  manager.ListenerWD - Describe of error org.openqa.selenium.NoSuchElementException: no such element: Unable to locate element: {"method":"xpath","selector":"//button[text()='Search cars']"}
  (Session info: chrome=106.0.5249.119)
For documentation on this error, please visit: https://selenium.dev/exceptions/#no_such_element
Build info: version: '4.4.0', revision: 'e5c75ed026a'
System info: host: 'DESKTOP-PPG6IOE', ip: '192.168.1.220', os.name: 'Windows 10', os.arch: 'amd64', os.version: '10.0', java.version: '11.0.16.1'
Driver info: org.openqa.selenium.chrome.ChromeDriver
Command: [341e86f71611c02fec6a500a22070891, findElement {using=xpath, value=//button[text()='Search cars']}]
Capabilities {acceptInsecureCerts: false, browserName: chrome, browserVersion: 106.0.5249.119, chrome: {chromedriverVersion: 106.0.5249.61 (511755355844..., userDataDir: C:\Users\E129~1\AppData\Loc...}, goog:chromeOptions: {debuggerAddress: localhost:51823}, networkConnectionEnabled: false, pageLoadStrategy: normal, platformName: WINDOWS, proxy: Proxy(), se:cdp: ws://localhost:51823/devtoo..., se:cdpVersion: 106.0.5249.119, setWindowRect: true, strictFileInteractability: false, timeouts: {implicit: 0, pageLoad: 300000, script: 30000}, unhandledPromptBehavior: dismiss and notify, webauthn:extension:credBlob: true, webauthn:extension:largeBlob: true, webauthn:virtualAuthenticators: true}
Session ID: 341e86f71611c02fec6a500a22070891
22:29:48.676  INFO  manager.ListenerWD - *********************
22:29:48.676  INFO  manager.ListenerWD - ChromeDriver: chrome on WINDOWS (341e86f71611c02fec6a500a22070891)
22:29:48.686  INFO  manager.ListenerWD - Screen with error is  1228 ****src/test/screenshots/screen1228.png
