21:17:23.867  INFO  manager.ApplicationManager - All tests start in  ChromeDriver
21:17:27.706  INFO  manager.ApplicationManager - The current url is --->https://ilcarro-1578153671498.web.app/search
21:17:27.786  INFO  manager.ListenerWD - Before Find Elements By -->By.xpath: //a[text()=' Logout ']
21:17:32.819  INFO  manager.ListenerWD - After Find Elements By -->By.xpath: //a[text()=' Logout ']
21:17:32.820  INFO  manager.ListenerWD - List size is -->0
21:17:32.832  INFO  TestBase - Registration scenario success was used dataUser{name='Mashka', lastname='Ivanov', email='mashka77@gmail.com', password='mashkA12345$5', phone='null'}
21:17:32.834  INFO  manager.ListenerWD - Before Find Element By -->By.xpath: //a[text()=' Sign up ']
21:17:32.882  INFO  manager.ListenerWD - After Find Element By -->By.xpath: //a[text()=' Sign up ']
21:17:32.999  INFO  manager.ListenerWD - Before Find Element By -->By.id: name
21:17:33.075  INFO  manager.ListenerWD - After Find Element By -->By.id: name
21:17:33.328  INFO  manager.ListenerWD - Before Find Element By -->By.id: lastName
21:17:33.368  INFO  manager.ListenerWD - After Find Element By -->By.id: lastName
21:17:33.573  INFO  manager.ListenerWD - Before Find Element By -->By.id: email
21:17:33.615  INFO  manager.ListenerWD - After Find Element By -->By.id: email
21:17:33.877  INFO  manager.ListenerWD - Before Find Element By -->By.id: password
21:17:33.916  INFO  manager.ListenerWD - After Find Element By -->By.id: password
21:17:34.138  INFO  manager.ListenerWD - Before Find Element By -->By.cssSelector: label[for='terms-of-use']
21:17:34.192  INFO  manager.ListenerWD - After Find Element By -->By.cssSelector: label[for='terms-of-use']
21:17:34.429  INFO  manager.ListenerWD - Before Find Element By -->By.cssSelector: button[type='submit
21:17:34.466  INFO  manager.ListenerWD - After Find Element By -->By.cssSelector: button[type='submit
21:17:34.560  INFO  manager.ListenerWD - Before Find Element By -->By.cssSelector: button[type='submit']
21:17:34.638  INFO  manager.ListenerWD - After Find Element By -->By.cssSelector: button[type='submit']
21:17:34.741  INFO  manager.ListenerWD - Before Find Element By -->By.cssSelector: div.dialog-container
21:17:35.231  INFO  manager.ListenerWD - After Find Element By -->By.cssSelector: div.dialog-container
21:17:35.271  INFO  manager.ListenerWD - Before Find Element By -->By.cssSelector: div.dialog-container>h1
21:17:35.314  INFO  manager.ListenerWD - After Find Element By -->By.cssSelector: div.dialog-container>h1
21:17:35.348  INFO  TestBase - In assert checked massage 'Registered' in dialog 
21:17:35.354  INFO  manager.ListenerWD - Before Find Elements By -->By.xpath: //button[text()='Ok']
21:17:35.391  INFO  manager.ListenerWD - After Find Elements By -->By.xpath: //button[text()='Ok']
21:17:35.392  INFO  manager.ListenerWD - List size is -->1
21:17:35.393  INFO  manager.ListenerWD - Before Find Element By -->By.xpath: //button[text()='Ok']
21:17:35.449  INFO  manager.ListenerWD - After Find Element By -->By.xpath: //button[text()='Ok']
21:17:35.521  INFO  manager.HelperBase - Click OK button was needed
21:17:35.524  INFO  manager.ListenerWD - Before Find Elements By -->By.xpath: //a[text()=' Logout ']
21:17:35.555  INFO  manager.ListenerWD - After Find Elements By -->By.xpath: //a[text()=' Logout ']
21:17:35.556  INFO  manager.ListenerWD - List size is -->1
21:17:35.556  INFO  manager.ListenerWD - Before Find Element By -->By.xpath: //a[text()=' Logout ']
21:17:35.586  INFO  manager.ListenerWD - After Find Element By -->By.xpath: //a[text()=' Logout ']
21:17:35.705  INFO  TestBase - Registration scenario success was used dataUser{name='Masha', lastname='Petrova', email='mashapetrova77@gmail.com', password='mashkA12345%6', phone='null'}
21:17:35.706  INFO  manager.ListenerWD - Before Find Element By -->By.xpath: //a[text()=' Sign up ']
21:17:35.729  INFO  manager.ListenerWD - After Find Element By -->By.xpath: //a[text()=' Sign up ']
21:17:35.843  INFO  manager.ListenerWD - Before Find Element By -->By.id: name
21:17:35.893  INFO  manager.ListenerWD - After Find Element By -->By.id: name
21:17:36.107  INFO  manager.ListenerWD - Before Find Element By -->By.id: lastName
21:17:36.132  INFO  manager.ListenerWD - After Find Element By -->By.id: lastName
21:17:36.354  INFO  manager.ListenerWD - Before Find Element By -->By.id: email
21:17:36.381  INFO  manager.ListenerWD - After Find Element By -->By.id: email
21:17:36.640  INFO  manager.ListenerWD - Before Find Element By -->By.id: password
21:17:36.668  INFO  manager.ListenerWD - After Find Element By -->By.id: password
21:17:36.967  INFO  manager.ListenerWD - Before Find Element By -->By.cssSelector: label[for='terms-of-use']
21:17:37.011  INFO  manager.ListenerWD - After Find Element By -->By.cssSelector: label[for='terms-of-use']
21:17:37.252  INFO  manager.ListenerWD - Before Find Element By -->By.cssSelector: button[type='submit
21:17:37.291  INFO  manager.ListenerWD - After Find Element By -->By.cssSelector: button[type='submit
21:17:37.335  INFO  manager.ListenerWD - Before Find Element By -->By.cssSelector: button[type='submit']
21:17:37.384  INFO  manager.ListenerWD - After Find Element By -->By.cssSelector: button[type='submit']
21:17:37.448  INFO  manager.ListenerWD - Before Find Element By -->By.cssSelector: div.dialog-container
21:17:37.990  INFO  manager.ListenerWD - After Find Element By -->By.cssSelector: div.dialog-container
21:17:38.026  INFO  manager.ListenerWD - Before Find Element By -->By.cssSelector: div.dialog-container>h1
21:17:38.063  INFO  manager.ListenerWD - After Find Element By -->By.cssSelector: div.dialog-container>h1
21:17:38.095  INFO  TestBase - In assert checked massage 'Registered' in dialog 
21:17:38.102  INFO  manager.ListenerWD - Before Find Elements By -->By.xpath: //button[text()='Ok']
21:17:38.146  INFO  manager.ListenerWD - After Find Elements By -->By.xpath: //button[text()='Ok']
21:17:38.147  INFO  manager.ListenerWD - List size is -->1
21:17:38.152  INFO  manager.ListenerWD - Before Find Element By -->By.xpath: //button[text()='Ok']
21:17:38.190  INFO  manager.ListenerWD - After Find Element By -->By.xpath: //button[text()='Ok']
21:17:38.263  INFO  manager.HelperBase - Click OK button was needed
21:17:38.272  INFO  manager.ListenerWD - Before Find Elements By -->By.xpath: //a[text()=' Logout ']
21:17:38.327  INFO  manager.ListenerWD - After Find Elements By -->By.xpath: //a[text()=' Logout ']
21:17:38.328  INFO  manager.ListenerWD - List size is -->1
21:17:38.328  INFO  manager.ListenerWD - Before Find Element By -->By.xpath: //a[text()=' Logout ']
21:17:38.443  INFO  manager.ListenerWD - After Find Element By -->By.xpath: //a[text()=' Logout ']
21:17:38.579  INFO  TestBase - Registration scenario success was used dataUser{name='Mashka ', lastname='Vasina', email='mashkavasina77@gmail.com', password='mashkA12345$7', phone='null'}
21:17:38.579  INFO  manager.ListenerWD - Before Find Element By -->By.xpath: //a[text()=' Sign up ']
21:17:38.610  INFO  manager.ListenerWD - After Find Element By -->By.xpath: //a[text()=' Sign up ']
21:17:38.715  INFO  manager.ListenerWD - Before Find Element By -->By.id: name
21:17:38.749  INFO  manager.ListenerWD - After Find Element By -->By.id: name
21:17:38.951  INFO  manager.ListenerWD - Before Find Element By -->By.id: lastName
21:17:39.017  INFO  manager.ListenerWD - After Find Element By -->By.id: lastName
21:17:39.334  INFO  manager.ListenerWD - Before Find Element By -->By.id: email
21:17:39.358  INFO  manager.ListenerWD - After Find Element By -->By.id: email
21:17:39.600  INFO  manager.ListenerWD - Before Find Element By -->By.id: password
21:17:39.637  INFO  manager.ListenerWD - After Find Element By -->By.id: password
21:17:39.882  INFO  manager.ListenerWD - Before Find Element By -->By.cssSelector: label[for='terms-of-use']
21:17:39.973  INFO  manager.ListenerWD - After Find Element By -->By.cssSelector: label[for='terms-of-use']
21:17:40.199  INFO  manager.ListenerWD - Before Find Element By -->By.cssSelector: button[type='submit
21:17:40.254  INFO  manager.ListenerWD - After Find Element By -->By.cssSelector: button[type='submit
21:17:40.298  INFO  manager.ListenerWD - Before Find Element By -->By.cssSelector: button[type='submit']
21:17:40.326  INFO  manager.ListenerWD - After Find Element By -->By.cssSelector: button[type='submit']
21:17:40.397  INFO  manager.ListenerWD - Before Find Element By -->By.cssSelector: div.dialog-container
21:17:40.764  INFO  manager.ListenerWD - After Find Element By -->By.cssSelector: div.dialog-container
21:17:40.809  INFO  manager.ListenerWD - Before Find Element By -->By.cssSelector: div.dialog-container>h1
21:17:40.857  INFO  manager.ListenerWD - After Find Element By -->By.cssSelector: div.dialog-container>h1
21:17:40.924  INFO  TestBase - In assert checked massage 'Registered' in dialog 
21:17:40.933  INFO  manager.ListenerWD - Before Find Elements By -->By.xpath: //button[text()='Ok']
21:17:41.011  INFO  manager.ListenerWD - After Find Elements By -->By.xpath: //button[text()='Ok']
21:17:41.020  INFO  manager.ListenerWD - List size is -->1
21:17:41.022  INFO  manager.ListenerWD - Before Find Element By -->By.xpath: //button[text()='Ok']
21:17:41.107  INFO  manager.ListenerWD - After Find Element By -->By.xpath: //button[text()='Ok']
21:17:41.235  INFO  manager.HelperBase - Click OK button was needed
