16:25:47.306  INFO  manager.ApplicationManager - All tests start in  ChromeDriver
16:25:48.946  INFO  manager.ApplicationManager - The current url is --->https://ilcarro-1578153671498.web.app/search
16:25:49.021  INFO  manager.ListenerWD - Before Find Elements By -->By.xpath: //a[text()=' Logout ']
16:25:54.077  INFO  manager.ListenerWD - After Find Elements By -->By.xpath: //a[text()=' Logout ']
16:25:54.078  INFO  manager.ListenerWD - List size is -->0
16:25:54.081  INFO  TestBase - Login scenario success was used data email: mashka@gmail.com & password: mashkA12345$5
16:25:54.082  INFO  manager.ListenerWD - Before Find Element By -->By.cssSelector: a[href ^='/login']
16:25:54.122  INFO  manager.ListenerWD - After Find Element By -->By.cssSelector: a[href ^='/login']
16:25:54.233  INFO  manager.ListenerWD - Before Find Element By -->By.id: email
16:25:54.290  INFO  manager.ListenerWD - After Find Element By -->By.id: email
16:25:54.700  INFO  manager.ListenerWD - Before Find Element By -->By.id: password
16:25:54.761  INFO  manager.ListenerWD - After Find Element By -->By.id: password
16:25:55.062  INFO  manager.ListenerWD - Before Find Element By -->By.cssSelector: button[type='submit
16:25:55.129  INFO  manager.ListenerWD - After Find Element By -->By.cssSelector: button[type='submit
16:25:55.235  INFO  manager.ListenerWD - Before Find Element By -->By.cssSelector: button[type='submit']
16:25:55.263  INFO  manager.ListenerWD - After Find Element By -->By.cssSelector: button[type='submit']
16:25:55.351  INFO  manager.ListenerWD - Before Find Element By -->By.cssSelector: div.dialog-container
16:25:55.777  INFO  manager.ListenerWD - After Find Element By -->By.cssSelector: div.dialog-container
16:25:55.826  INFO  manager.ListenerWD - Before Find Element By -->By.cssSelector: h2.message
16:25:55.882  INFO  manager.ListenerWD - After Find Element By -->By.cssSelector: h2.message
16:25:55.910  INFO  TestBase - In assert checked message 'Logged in success' in dialog  
16:25:55.918  INFO  manager.ListenerWD - Before Find Elements By -->By.xpath: //a[text()=' Logout ']
16:25:55.953  INFO  manager.ListenerWD - After Find Elements By -->By.xpath: //a[text()=' Logout ']
16:25:55.954  INFO  manager.ListenerWD - List size is -->1
16:25:55.955  INFO  manager.ListenerWD - Before Find Element By -->By.xpath: //a[text()=' Logout ']
16:25:56.016  INFO  manager.ListenerWD - After Find Element By -->By.xpath: //a[text()=' Logout ']
16:25:57.111  INFO  manager.ListenerWD - We have a 'problem'
16:25:57.112  INFO  manager.ListenerWD - The name of error method  click
16:25:57.117  INFO  manager.ListenerWD - Describe of error org.openqa.selenium.ElementClickInterceptedException: element click intercepted: Element <a _ngcontent-dnl-c25="" class="navigation-link ng-star-inserted" href="/logout?url=%2Fsearch">...</a> is not clickable at point (1126, 34). Other element would receive the click: <div class="cdk-overlay-backdrop cdk-overlay-dark-backdrop cdk-overlay-backdrop-showing"></div>
  (Session info: chrome=106.0.5249.119)
Build info: version: '4.4.0', revision: 'e5c75ed026a'
System info: host: 'DESKTOP-PPG6IOE', ip: '192.168.1.220', os.name: 'Windows 10', os.arch: 'amd64', os.version: '10.0', java.version: '11.0.16.1'
Driver info: org.openqa.selenium.chrome.ChromeDriver
Command: [de3bd876833f18aee57f4a064a06dda6, clickElement {id=359dbfa7-8982-484b-9efe-010a1a5666e1}]
Capabilities {acceptInsecureCerts: false, browserName: chrome, browserVersion: 106.0.5249.119, chrome: {chromedriverVersion: 106.0.5249.61 (511755355844..., userDataDir: C:\Users\E129~1\AppData\Loc...}, goog:chromeOptions: {debuggerAddress: localhost:64903}, networkConnectionEnabled: false, pageLoadStrategy: normal, platformName: WINDOWS, proxy: Proxy(), se:cdp: ws://localhost:64903/devtoo..., se:cdpVersion: 106.0.5249.119, setWindowRect: true, strictFileInteractability: false, timeouts: {implicit: 0, pageLoad: 300000, script: 30000}, unhandledPromptBehavior: dismiss and notify, webauthn:extension:credBlob: true, webauthn:extension:largeBlob: true, webauthn:virtualAuthenticators: true}
Element: [[ChromeDriver: chrome on WINDOWS (de3bd876833f18aee57f4a064a06dda6)] -> xpath: //a[text()=' Logout ']]
Session ID: de3bd876833f18aee57f4a064a06dda6
16:25:57.118  INFO  manager.ListenerWD - *********************
16:25:57.118  INFO  manager.ListenerWD - [[ChromeDriver: chrome on WINDOWS (de3bd876833f18aee57f4a064a06dda6)] -> xpath: //a[text()=' Logout ']]
16:25:57.123  INFO  manager.ListenerWD - Screen with error is  1880 ****src/test/screenshots/screen1880.png
