13:39:28.711  INFO  manager.ApplicationManager - All tests start in  ChromeDriver
13:39:33.404  INFO  manager.ApplicationManager - The current url is --->https://ilcarro-1578153671498.web.app/search
13:39:33.471  INFO  TestBase - START TEST WITH NAME : registrationWrongPassword
13:39:33.476  INFO  manager.ListenerWD - Before Find Elements By -->By.xpath: //a[text()=' Logout ']
13:39:38.498  INFO  manager.ListenerWD - After Find Elements By -->By.xpath: //a[text()=' Logout ']
13:39:38.502  INFO  manager.ListenerWD - List size is -->0
13:39:38.521  INFO  TestBase - Registration  negative scenario with wrong password was used dataUser{name='Vova', lastname='Vovin', email='vova1@gmail.com', password='Vov3$5', phone='null'}
13:39:38.524  INFO  manager.ListenerWD - Before Find Element By -->By.xpath: //a[text()=' Sign up ']
13:39:38.575  INFO  manager.ListenerWD - After Find Element By -->By.xpath: //a[text()=' Sign up ']
13:39:38.733  INFO  manager.ListenerWD - Before Find Element By -->By.id: name
13:39:38.785  INFO  manager.ListenerWD - After Find Element By -->By.id: name
13:39:39.075  INFO  manager.ListenerWD - Before Find Element By -->By.id: lastName
13:39:39.129  INFO  manager.ListenerWD - After Find Element By -->By.id: lastName
13:39:39.371  INFO  manager.ListenerWD - Before Find Element By -->By.id: email
13:39:39.414  INFO  manager.ListenerWD - After Find Element By -->By.id: email
13:39:39.677  INFO  manager.ListenerWD - Before Find Element By -->By.id: password
13:39:39.720  INFO  manager.ListenerWD - After Find Element By -->By.id: password
13:39:39.956  INFO  manager.ListenerWD - Before Find Element By -->By.cssSelector: label[for='terms-of-use']
13:39:40.011  INFO  manager.ListenerWD - After Find Element By -->By.cssSelector: label[for='terms-of-use']
13:39:40.275  INFO  manager.ListenerWD - Before Find Element By -->By.cssSelector: button[type='submit']
13:39:40.315  INFO  manager.ListenerWD - After Find Element By -->By.cssSelector: button[type='submit']
13:39:40.373  INFO  manager.ListenerWD - Before Find Elements By -->By.cssSelector: button[disabled]
13:39:40.405  INFO  manager.ListenerWD - After Find Elements By -->By.cssSelector: button[disabled]
13:39:40.405  INFO  manager.ListenerWD - List size is -->1
13:39:40.405  INFO  manager.ListenerWD - Before Find Element By -->By.cssSelector: [type='submit']
13:39:40.440  INFO  manager.ListenerWD - After Find Element By -->By.cssSelector: [type='submit']
13:39:40.465  INFO  TestBase - The Y'alla button was not active
13:39:40.469  INFO  manager.ListenerWD - Before Find Elements By -->By.xpath: //button[text()='Ok']
13:39:45.540  INFO  manager.ListenerWD - After Find Elements By -->By.xpath: //button[text()='Ok']
13:39:45.541  INFO  manager.ListenerWD - List size is -->0
13:39:45.548  INFO  TestBase - START TEST WITH NAME : loginSuccessModels
13:39:45.549  INFO  manager.ListenerWD - Before Find Elements By -->By.xpath: //a[text()=' Logout ']
13:39:50.641  INFO  manager.ListenerWD - After Find Elements By -->By.xpath: //a[text()=' Logout ']
13:39:50.641  INFO  manager.ListenerWD - List size is -->0
13:39:50.642  INFO  TestBase - Login scenario success was used dataUser{name='null', lastname='null', email='mashka@gmail.com', password='mashkA12345$5', phone='null'}
13:39:50.643  INFO  manager.ListenerWD - Before Find Element By -->By.cssSelector: a[href ^='/login']
13:39:50.684  INFO  manager.ListenerWD - After Find Element By -->By.cssSelector: a[href ^='/login']
13:39:50.897  INFO  manager.ListenerWD - Before Find Element By -->By.id: email
13:39:50.932  INFO  manager.ListenerWD - After Find Element By -->By.id: email
13:39:51.223  INFO  manager.ListenerWD - Before Find Element By -->By.id: password
13:39:51.268  INFO  manager.ListenerWD - After Find Element By -->By.id: password
13:39:51.648  INFO  manager.ListenerWD - Before Find Element By -->By.cssSelector: button[type='submit']
13:39:51.686  INFO  manager.ListenerWD - After Find Element By -->By.cssSelector: button[type='submit']
13:39:51.800  INFO  manager.ListenerWD - Before Find Element By -->By.cssSelector: button[type='submit']
13:39:51.826  INFO  manager.ListenerWD - After Find Element By -->By.cssSelector: button[type='submit']
13:39:51.902  INFO  manager.ListenerWD - Before Find Element By -->By.cssSelector: div.dialog-container
13:39:52.612  INFO  manager.ListenerWD - After Find Element By -->By.cssSelector: div.dialog-container
13:39:52.658  INFO  manager.ListenerWD - Before Find Element By -->By.cssSelector: h2.message
13:39:52.699  INFO  manager.ListenerWD - After Find Element By -->By.cssSelector: h2.message
13:39:52.727  INFO  TestBase - In assert checked message 'Logged in success' in dialog  
13:39:52.728  INFO  manager.ListenerWD - Before Find Elements By -->By.xpath: //button[text()='Ok']
13:39:52.766  INFO  manager.ListenerWD - After Find Elements By -->By.xpath: //button[text()='Ok']
13:39:52.767  INFO  manager.ListenerWD - List size is -->1
13:39:52.768  INFO  manager.ListenerWD - Before Find Element By -->By.xpath: //button[text()='Ok']
13:39:52.809  INFO  manager.ListenerWD - After Find Element By -->By.xpath: //button[text()='Ok']
13:39:52.904  INFO  manager.HelperBase - Click OK button was needed
13:39:52.906  INFO  TestBase - START TEST WITH NAME : addCarSuccess
13:39:52.908  INFO  manager.ListenerWD - Before Find Elements By -->By.xpath: //a[text()=' Logout ']
13:39:52.932  INFO  manager.ListenerWD - After Find Elements By -->By.xpath: //a[text()=' Logout ']
13:39:52.932  INFO  manager.ListenerWD - List size is -->1
13:39:53.035  INFO  TestBase - Test start with data --->Car(location=Haifa,Israel, make=BMW, model=M6, year=2019, engine=2, fuel=Petrol, gear=AT, wD=AWD, doors=4, seats=7, clasS=C, fuelConsumption=6.6, carRegNum=12-5-832, price=60, distanceInclued=900, featurs=Type of featurs, about=no smoking)
13:39:53.548  INFO  manager.ListenerWD - Before Find Element By -->By.cssSelector: [href='/let-car-work']
13:39:53.577  INFO  manager.ListenerWD - After Find Element By -->By.cssSelector: [href='/let-car-work']
13:39:53.704  INFO  manager.ListenerWD - Before Find Element By -->By.id: pickUpPlace
13:39:53.737  INFO  manager.ListenerWD - After Find Element By -->By.id: pickUpPlace
13:39:53.967  INFO  manager.ListenerWD - Before Find Element By -->By.cssSelector: div.pac-item
13:39:54.352  INFO  manager.ListenerWD - After Find Element By -->By.cssSelector: div.pac-item
13:39:54.921  INFO  manager.ListenerWD - Before Find Element By -->By.id: make
13:39:54.968  INFO  manager.ListenerWD - After Find Element By -->By.id: make
13:39:55.107  INFO  manager.ListenerWD - Before Find Element By -->By.id: model
13:39:55.131  INFO  manager.ListenerWD - After Find Element By -->By.id: model
13:39:55.282  INFO  manager.ListenerWD - Before Find Element By -->By.id: year
13:39:55.305  INFO  manager.ListenerWD - After Find Element By -->By.id: year
13:39:55.478  INFO  manager.ListenerWD - Before Find Element By -->By.id: engine
13:39:55.499  INFO  manager.ListenerWD - After Find Element By -->By.id: engine
13:39:55.679  INFO  manager.ListenerWD - Before Find Element By -->By.id: fuel
13:39:55.700  INFO  manager.ListenerWD - After Find Element By -->By.id: fuel
13:39:55.810  INFO  manager.ListenerWD - Before Find Element By -->By.id: gear
13:39:55.838  INFO  manager.ListenerWD - After Find Element By -->By.id: gear
13:39:55.922  INFO  manager.ListenerWD - Before Find Element By -->By.id: wheelsDrive
13:39:55.945  INFO  manager.ListenerWD - After Find Element By -->By.id: wheelsDrive
13:39:56.046  INFO  manager.ListenerWD - Before Find Element By -->By.id: doors
13:39:56.066  INFO  manager.ListenerWD - After Find Element By -->By.id: doors
13:39:56.233  INFO  manager.ListenerWD - Before Find Element By -->By.id: seats
13:39:56.261  INFO  manager.ListenerWD - After Find Element By -->By.id: seats
13:39:56.428  INFO  manager.ListenerWD - Before Find Element By -->By.id: class
13:39:56.450  INFO  manager.ListenerWD - After Find Element By -->By.id: class
13:39:56.600  INFO  manager.ListenerWD - Before Find Element By -->By.id: fuelConsumption
13:39:56.623  INFO  manager.ListenerWD - After Find Element By -->By.id: fuelConsumption
13:39:56.834  INFO  manager.ListenerWD - Before Find Element By -->By.id: serialNumber
13:39:56.862  INFO  manager.ListenerWD - After Find Element By -->By.id: serialNumber
13:39:57.221  INFO  manager.ListenerWD - Before Find Element By -->By.id: price
13:39:57.248  INFO  manager.ListenerWD - After Find Element By -->By.id: price
13:39:57.401  INFO  manager.ListenerWD - Before Find Element By -->By.id: distance
13:39:57.428  INFO  manager.ListenerWD - After Find Element By -->By.id: distance
13:39:57.591  INFO  manager.ListenerWD - Before Find Element By -->By.cssSelector: .feature-input
13:39:57.614  INFO  manager.ListenerWD - After Find Element By -->By.cssSelector: .feature-input
13:39:57.811  INFO  manager.ListenerWD - Before Find Element By -->By.id: about
13:39:57.843  INFO  manager.ListenerWD - After Find Element By -->By.id: about
13:39:57.979  INFO  manager.ListenerWD - Before Find Element By -->By.id: photos
13:39:58.007  INFO  manager.ListenerWD - After Find Element By -->By.id: photos
13:39:58.090  INFO  manager.ListenerWD - Before Find Element By -->By.cssSelector: button[type='submit']
13:39:58.126  INFO  manager.ListenerWD - After Find Element By -->By.cssSelector: button[type='submit']
13:39:59.801  INFO  manager.ListenerWD - Before Find Element By -->By.cssSelector: button[type='submit']
13:39:59.826  INFO  manager.ListenerWD - After Find Element By -->By.cssSelector: button[type='submit']
13:39:59.878  INFO  manager.ListenerWD - Before Find Element By -->By.cssSelector: div.dialog-container
13:40:01.527  INFO  manager.ListenerWD - After Find Element By -->By.cssSelector: div.dialog-container
13:40:01.543  INFO  manager.ListenerWD - Before Find Element By -->By.cssSelector: div.dialog-container>h1
13:40:01.571  INFO  manager.ListenerWD - After Find Element By -->By.cssSelector: div.dialog-container>h1
13:40:01.595  INFO  TestBase - In assert checked message 'Car added' in dialog  
13:40:01.596  INFO  manager.ListenerWD - Before Find Element By -->By.xpath: //button[text()='Search cars']
13:40:01.627  INFO  manager.ListenerWD - After Find Element By -->By.xpath: //button[text()='Search cars']
13:40:01.681  INFO  TestBase - START TEST WITH NAME : searchCurrentMonthSuccess
13:40:01.685  INFO  manager.ListenerWD - Before Find Element By -->By.cssSelector: .header a.logo
13:40:01.721  INFO  manager.ListenerWD - After Find Element By -->By.cssSelector: .header a.logo
13:40:02.330  INFO  manager.ListenerWD - Before Find Element By -->By.id: city
13:40:02.362  INFO  manager.ListenerWD - After Find Element By -->By.id: city
13:40:03.038  INFO  manager.ListenerWD - Before Find Element By -->By.cssSelector: div.pac-item
13:40:03.081  INFO  manager.ListenerWD - After Find Element By -->By.cssSelector: div.pac-item
13:40:03.148  INFO  manager.ListenerWD - Before Find Element By -->By.id: dates
13:40:03.172  INFO  manager.ListenerWD - After Find Element By -->By.id: dates
13:40:03.172  INFO  manager.HelperBase - OS is --->Windows 10
13:40:03.261  INFO  manager.ListenerWD - Before Find Element By -->By.id: dates
13:40:03.279  INFO  manager.ListenerWD - After Find Element By -->By.id: dates
13:40:03.394  INFO  manager.ListenerWD - Before Find Element By -->By.xpath: //div[text()=' 30 ']
13:40:03.425  INFO  manager.ListenerWD - After Find Element By -->By.xpath: //div[text()=' 30 ']
13:40:03.507  INFO  manager.ListenerWD - Before Find Element By -->By.xpath: //div[text()=' 15 ']
13:40:03.541  INFO  manager.ListenerWD - After Find Element By -->By.xpath: //div[text()=' 15 ']
13:40:03.595  INFO  manager.ListenerWD - Before Find Element By -->By.cssSelector: button[type='submit']
13:40:03.622  INFO  manager.ListenerWD - After Find Element By -->By.cssSelector: button[type='submit']
