21:14:10.690  INFO  manager.ApplicationManager - All tests start in  ChromeDriver
21:14:12.370  INFO  manager.ApplicationManager - The current url is --->https://ilcarro-1578153671498.web.app/search
21:14:12.469  INFO  manager.ListenerWD - Before Find Elements By -->By.xpath: //a[text()=' Logout ']
21:14:17.545  INFO  manager.ListenerWD - After Find Elements By -->By.xpath: //a[text()=' Logout ']
21:14:17.546  INFO  manager.ListenerWD - List size is -->0
21:14:17.559  INFO  TestBase - Registration scenario success was used dataUser{name='Mashka', lastname='Ivanov', email='mashka@gmail.com', password='mashkA12345$5', phone='null'}
21:14:17.563  INFO  manager.ListenerWD - Before Find Element By -->By.xpath: //a[text()=' Sign up ']
21:14:17.609  INFO  manager.ListenerWD - After Find Element By -->By.xpath: //a[text()=' Sign up ']
21:14:17.744  INFO  manager.ListenerWD - Before Find Element By -->By.id: name
21:14:17.800  INFO  manager.ListenerWD - After Find Element By -->By.id: name
21:14:18.078  INFO  manager.ListenerWD - Before Find Element By -->By.id: lastName
21:14:18.135  INFO  manager.ListenerWD - After Find Element By -->By.id: lastName
21:14:18.383  INFO  manager.ListenerWD - Before Find Element By -->By.id: email
21:14:18.445  INFO  manager.ListenerWD - After Find Element By -->By.id: email
21:14:18.745  INFO  manager.ListenerWD - Before Find Element By -->By.id: password
21:14:18.785  INFO  manager.ListenerWD - After Find Element By -->By.id: password
21:14:19.044  INFO  manager.ListenerWD - Before Find Element By -->By.cssSelector: label[for='terms-of-use']
21:14:19.093  INFO  manager.ListenerWD - After Find Element By -->By.cssSelector: label[for='terms-of-use']
21:14:19.397  INFO  manager.ListenerWD - Before Find Element By -->By.cssSelector: button[type='submit
21:14:19.447  INFO  manager.ListenerWD - After Find Element By -->By.cssSelector: button[type='submit
21:14:19.540  INFO  manager.ListenerWD - Before Find Element By -->By.cssSelector: button[type='submit']
21:14:19.574  INFO  manager.ListenerWD - After Find Element By -->By.cssSelector: button[type='submit']
21:14:19.672  INFO  manager.ListenerWD - Before Find Element By -->By.cssSelector: div.dialog-container
21:14:20.221  INFO  manager.ListenerWD - After Find Element By -->By.cssSelector: div.dialog-container
21:14:20.269  INFO  manager.ListenerWD - Before Find Element By -->By.cssSelector: div.dialog-container>h1
21:14:20.321  INFO  manager.ListenerWD - After Find Element By -->By.cssSelector: div.dialog-container>h1
21:14:20.410  INFO  manager.ListenerWD - Before Find Elements By -->By.xpath: //button[text()='Ok']
21:14:20.477  INFO  manager.ListenerWD - After Find Elements By -->By.xpath: //button[text()='Ok']
21:14:20.478  INFO  manager.ListenerWD - List size is -->1
21:14:20.479  INFO  manager.ListenerWD - Before Find Element By -->By.xpath: //button[text()='Ok']
21:14:20.541  INFO  manager.ListenerWD - After Find Element By -->By.xpath: //button[text()='Ok']
21:14:20.646  INFO  manager.HelperBase - Click OK button was needed
21:14:20.649  INFO  manager.ListenerWD - Before Find Elements By -->By.xpath: //a[text()=' Logout ']
21:14:25.673  INFO  manager.ListenerWD - After Find Elements By -->By.xpath: //a[text()=' Logout ']
21:14:25.674  INFO  manager.ListenerWD - List size is -->0
21:14:25.676  INFO  TestBase - Registration scenario success was used dataUser{name='Masha', lastname='Petrova', email='mashapetrova@gmail.com', password='mashkA12345%6', phone='null'}
21:14:25.678  INFO  manager.ListenerWD - Before Find Element By -->By.xpath: //a[text()=' Sign up ']
21:14:25.718  INFO  manager.ListenerWD - After Find Element By -->By.xpath: //a[text()=' Sign up ']
21:14:25.809  INFO  manager.ListenerWD - Before Find Element By -->By.id: name
21:14:25.854  INFO  manager.ListenerWD - After Find Element By -->By.id: name
21:14:26.250  INFO  manager.ListenerWD - Before Find Element By -->By.id: lastName
21:14:26.318  INFO  manager.ListenerWD - After Find Element By -->By.id: lastName
21:14:26.663  INFO  manager.ListenerWD - Before Find Element By -->By.id: email
21:14:26.713  INFO  manager.ListenerWD - After Find Element By -->By.id: email
21:14:27.094  INFO  manager.ListenerWD - Before Find Element By -->By.id: password
21:14:27.149  INFO  manager.ListenerWD - After Find Element By -->By.id: password
21:14:27.504  INFO  manager.ListenerWD - Before Find Element By -->By.cssSelector: label[for='terms-of-use']
21:14:27.584  INFO  manager.ListenerWD - After Find Element By -->By.cssSelector: label[for='terms-of-use']
21:14:27.791  INFO  manager.ListenerWD - Before Find Element By -->By.cssSelector: button[type='submit
21:14:27.842  INFO  manager.ListenerWD - After Find Element By -->By.cssSelector: button[type='submit
21:14:32.886  INFO  manager.ListenerWD - Before Find Elements By -->By.xpath: //button[text()='Ok']
21:14:37.927  INFO  manager.ListenerWD - After Find Elements By -->By.xpath: //button[text()='Ok']
21:14:37.928  INFO  manager.ListenerWD - List size is -->0
21:14:37.933  INFO  manager.ListenerWD - Before Find Elements By -->By.xpath: //a[text()=' Logout ']
21:14:42.953  INFO  manager.ListenerWD - After Find Elements By -->By.xpath: //a[text()=' Logout ']
21:14:42.954  INFO  manager.ListenerWD - List size is -->0
21:14:42.955  INFO  TestBase - Registration scenario success was used dataUser{name='Mashka ', lastname='Vasina', email='mashkavasina@gmail.com', password='mashkA12345$7', phone='null'}
21:14:42.955  INFO  manager.ListenerWD - Before Find Element By -->By.xpath: //a[text()=' Sign up ']
21:14:42.977  INFO  manager.ListenerWD - After Find Element By -->By.xpath: //a[text()=' Sign up ']
21:14:43.026  INFO  manager.ListenerWD - Before Find Element By -->By.id: name
21:14:43.073  INFO  manager.ListenerWD - After Find Element By -->By.id: name
21:14:43.295  INFO  manager.ListenerWD - Before Find Element By -->By.id: lastName
21:14:43.332  INFO  manager.ListenerWD - After Find Element By -->By.id: lastName
21:14:43.522  INFO  manager.ListenerWD - Before Find Element By -->By.id: email
21:14:43.544  INFO  manager.ListenerWD - After Find Element By -->By.id: email
21:14:43.719  INFO  manager.ListenerWD - Before Find Element By -->By.id: password
21:14:43.741  INFO  manager.ListenerWD - After Find Element By -->By.id: password
21:14:43.906  INFO  manager.ListenerWD - Before Find Element By -->By.cssSelector: label[for='terms-of-use']
21:14:43.939  INFO  manager.ListenerWD - After Find Element By -->By.cssSelector: label[for='terms-of-use']
21:14:44.148  INFO  manager.ListenerWD - Before Find Element By -->By.cssSelector: button[type='submit
21:14:44.180  INFO  manager.ListenerWD - After Find Element By -->By.cssSelector: button[type='submit
21:14:44.213  INFO  manager.ListenerWD - Before Find Element By -->By.cssSelector: button[type='submit']
21:14:44.246  INFO  manager.ListenerWD - After Find Element By -->By.cssSelector: button[type='submit']
21:14:44.292  INFO  manager.ListenerWD - Before Find Element By -->By.cssSelector: div.dialog-container
21:14:44.725  INFO  manager.ListenerWD - After Find Element By -->By.cssSelector: div.dialog-container
21:14:44.759  INFO  manager.ListenerWD - Before Find Element By -->By.cssSelector: div.dialog-container>h1
21:14:44.782  INFO  manager.ListenerWD - After Find Element By -->By.cssSelector: div.dialog-container>h1
21:14:44.827  INFO  manager.ListenerWD - Before Find Elements By -->By.xpath: //button[text()='Ok']
21:14:44.894  INFO  manager.ListenerWD - After Find Elements By -->By.xpath: //button[text()='Ok']
21:14:44.895  INFO  manager.ListenerWD - List size is -->1
21:14:44.896  INFO  manager.ListenerWD - Before Find Element By -->By.xpath: //button[text()='Ok']
21:14:44.945  INFO  manager.ListenerWD - After Find Element By -->By.xpath: //button[text()='Ok']
21:14:45.126  INFO  manager.HelperBase - Click OK button was needed
