22:18:51.684  INFO  manager.ApplicationManager - All tests start in  ChromeDriver
22:18:53.389  INFO  manager.ApplicationManager - The current url is --->https://ilcarro-1578153671498.web.app/search
22:18:53.485  INFO  manager.ListenerWD - Before Find Elements By -->By.xpath: //a[text()=' Logout ']
22:18:58.550  INFO  manager.ListenerWD - After Find Elements By -->By.xpath: //a[text()=' Logout ']
22:18:58.552  INFO  manager.ListenerWD - List size is -->0
22:18:58.555  INFO  manager.ListenerWD - Before Find Element By -->By.cssSelector: a[href ^='/login']
22:18:58.653  INFO  manager.ListenerWD - After Find Element By -->By.cssSelector: a[href ^='/login']
22:18:58.795  INFO  manager.ListenerWD - Before Find Element By -->By.id: email
22:18:58.855  INFO  manager.ListenerWD - After Find Element By -->By.id: email
22:18:59.245  INFO  manager.ListenerWD - Before Find Element By -->By.id: password
22:18:59.308  INFO  manager.ListenerWD - After Find Element By -->By.id: password
22:18:59.607  INFO  manager.ListenerWD - Before Find Element By -->By.cssSelector: button[type='submit
22:18:59.679  INFO  manager.ListenerWD - After Find Element By -->By.cssSelector: button[type='submit
22:18:59.805  INFO  manager.ListenerWD - Before Find Element By -->By.cssSelector: button[type='submit']
22:18:59.842  INFO  manager.ListenerWD - After Find Element By -->By.cssSelector: button[type='submit']
22:18:59.953  INFO  manager.ListenerWD - Before Find Elements By -->By.xpath: //button[text()='Ok']
22:19:00.404  INFO  manager.ListenerWD - After Find Elements By -->By.xpath: //button[text()='Ok']
22:19:00.405  INFO  manager.ListenerWD - List size is -->1
22:19:00.405  INFO  manager.ListenerWD - Before Find Element By -->By.xpath: //button[text()='Ok']
22:19:00.459  INFO  manager.ListenerWD - After Find Element By -->By.xpath: //button[text()='Ok']
22:19:00.572  INFO  manager.HelperBase - Click OK button was needed
22:19:00.592  INFO  TestBase - The login was needed with user : User{name='null', lastname='null', email='mashka@gmail.com', password='mashkA12345$5', phone='null'}
22:19:00.664  INFO  TestBase - Test start with data --->Car(location=Haifa,Israel, make=BMW, model=M6, year=2019, engine=2, fuel=Petrol, gear=AT, wD=AWD, doors=4, seats=7, clasS=C, fuelConsumption=6.6, carRegNum=12-5-950, price=60, distanceInclued=900, featurs=Type of featurs, about=no smoking)
22:19:01.176  INFO  manager.ListenerWD - Before Find Element By -->By.cssSelector: [href='/let-car-work']
22:19:01.229  INFO  manager.ListenerWD - After Find Element By -->By.cssSelector: [href='/let-car-work']
22:19:01.430  INFO  manager.ListenerWD - Before Find Element By -->By.id: pickUpPlace
22:19:01.472  INFO  manager.ListenerWD - After Find Element By -->By.id: pickUpPlace
22:19:01.734  INFO  manager.ListenerWD - Before Find Element By -->By.cssSelector: div.pac-item
22:19:02.349  INFO  manager.ListenerWD - After Find Element By -->By.cssSelector: div.pac-item
22:19:02.950  INFO  manager.ListenerWD - Before Find Element By -->By.id: make
22:19:02.986  INFO  manager.ListenerWD - After Find Element By -->By.id: make
22:19:03.435  INFO  manager.ListenerWD - Before Find Element By -->By.id: model
22:19:03.512  INFO  manager.ListenerWD - After Find Element By -->By.id: model
22:19:03.832  INFO  manager.ListenerWD - Before Find Element By -->By.id: year
22:19:03.869  INFO  manager.ListenerWD - After Find Element By -->By.id: year
22:19:04.254  INFO  manager.ListenerWD - Before Find Element By -->By.id: engine
22:19:04.318  INFO  manager.ListenerWD - After Find Element By -->By.id: engine
22:19:04.719  INFO  manager.ListenerWD - Before Find Element By -->By.id: fuel
22:19:04.759  INFO  manager.ListenerWD - After Find Element By -->By.id: fuel
22:19:04.970  INFO  manager.ListenerWD - Before Find Element By -->By.id: gear
22:19:05.068  INFO  manager.ListenerWD - After Find Element By -->By.id: gear
22:19:05.368  INFO  manager.ListenerWD - Before Find Element By -->By.id: wheelsDrive
22:19:05.422  INFO  manager.ListenerWD - After Find Element By -->By.id: wheelsDrive
22:19:05.728  INFO  manager.ListenerWD - Before Find Element By -->By.id: doors
22:19:05.809  INFO  manager.ListenerWD - After Find Element By -->By.id: doors
22:19:06.235  INFO  manager.ListenerWD - Before Find Element By -->By.id: seats
22:19:06.286  INFO  manager.ListenerWD - After Find Element By -->By.id: seats
22:19:06.570  INFO  manager.ListenerWD - Before Find Element By -->By.id: class
22:19:06.634  INFO  manager.ListenerWD - After Find Element By -->By.id: class
22:19:07.018  INFO  manager.ListenerWD - Before Find Element By -->By.id: fuelConsumption
22:19:07.099  INFO  manager.ListenerWD - After Find Element By -->By.id: fuelConsumption
22:19:07.544  INFO  manager.ListenerWD - Before Find Element By -->By.id: serialNumber
22:19:07.579  INFO  manager.ListenerWD - After Find Element By -->By.id: serialNumber
22:19:07.926  INFO  manager.ListenerWD - Before Find Element By -->By.id: price
22:19:07.975  INFO  manager.ListenerWD - After Find Element By -->By.id: price
22:19:08.352  INFO  manager.ListenerWD - Before Find Element By -->By.id: distance
22:19:08.422  INFO  manager.ListenerWD - After Find Element By -->By.id: distance
22:19:08.774  INFO  manager.ListenerWD - Before Find Element By -->By.cssSelector: .feature-input
22:19:08.832  INFO  manager.ListenerWD - After Find Element By -->By.cssSelector: .feature-input
22:19:09.295  INFO  manager.ListenerWD - Before Find Element By -->By.id: about
22:19:09.408  INFO  manager.ListenerWD - After Find Element By -->By.id: about
22:19:10.003  INFO  manager.ListenerWD - Before Find Element By -->By.id: photos
22:19:10.058  INFO  manager.ListenerWD - After Find Element By -->By.id: photos
22:19:10.301  INFO  manager.ListenerWD - Before Find Element By -->By.cssSelector: button[type='submit
22:19:10.366  INFO  manager.ListenerWD - After Find Element By -->By.cssSelector: button[type='submit
22:19:12.383  INFO  manager.ListenerWD - Before Find Element By -->By.cssSelector: button[type='submit']
22:19:12.409  INFO  manager.ListenerWD - After Find Element By -->By.cssSelector: button[type='submit']
22:19:12.518  INFO  manager.ListenerWD - Before Find Element By -->By.cssSelector: div.dialog-container
22:19:14.179  INFO  manager.ListenerWD - After Find Element By -->By.cssSelector: div.dialog-container
22:19:14.264  INFO  manager.ListenerWD - Before Find Element By -->By.cssSelector: div.dialog-container>h1
22:19:14.446  INFO  manager.ListenerWD - After Find Element By -->By.cssSelector: div.dialog-container>h1
22:19:14.613  INFO  TestBase - In assert checked message 'Car added' in dialog  
22:19:14.620  INFO  manager.ListenerWD - Before Find Element By -->By.xpath: //button[text()='Search cars']
22:19:14.664  INFO  manager.ListenerWD - After Find Element By -->By.xpath: //button[text()='Search cars']
