09:19:08.479  INFO  manager.ApplicationManager - All tests start in  ChromeDriver
09:19:10.926  INFO  manager.ApplicationManager - The current url is --->https://ilcarro-1578153671498.web.app/search
09:19:11.007  INFO  manager.ListenerWD - Before Find Element By -->By.cssSelector: .header a.logo
09:19:11.048  INFO  manager.ListenerWD - After Find Element By -->By.cssSelector: .header a.logo
09:19:11.354  INFO  manager.ListenerWD - Before Find Element By -->By.id: city
09:19:11.439  INFO  manager.ListenerWD - After Find Element By -->By.id: city
09:19:11.794  INFO  manager.ListenerWD - Before Find Element By -->By.cssSelector: div.pac-item
09:19:12.169  INFO  manager.ListenerWD - After Find Element By -->By.cssSelector: div.pac-item
09:19:12.245  INFO  manager.ListenerWD - Before Find Element By -->By.id: dates
09:19:12.298  INFO  manager.ListenerWD - After Find Element By -->By.id: dates
09:19:12.911  INFO  manager.ListenerWD - Before Find Element By -->By.cssSelector: .cdk-overlay-container
09:19:12.972  INFO  manager.ListenerWD - After Find Element By -->By.cssSelector: .cdk-overlay-container
09:19:13.064  INFO  manager.ListenerWD - Before Find Element By -->By.cssSelector: button[type='submit']
09:19:13.103  INFO  manager.ListenerWD - After Find Element By -->By.cssSelector: button[type='submit']
09:19:13.184  INFO  manager.ListenerWD - Before Find Elements By -->By.cssSelector: button[disabled]
09:19:13.228  INFO  manager.ListenerWD - After Find Elements By -->By.cssSelector: button[disabled]
09:19:13.228  INFO  manager.ListenerWD - List size is -->1
09:19:13.228  INFO  manager.ListenerWD - Before Find Element By -->By.cssSelector: [type='submit']
09:19:13.259  INFO  manager.ListenerWD - After Find Element By -->By.cssSelector: [type='submit']
09:19:13.283  INFO  manager.ListenerWD - Before Find Element By -->By.cssSelector: div.ng-star-inserted
09:19:13.318  INFO  manager.ListenerWD - After Find Element By -->By.cssSelector: div.ng-star-inserted
