14:30:18.040  INFO  manager.ApplicationManager - All tests start in  ChromeDriver
14:30:19.596  INFO  manager.ApplicationManager - The current url is --->https://ilcarro-1578153671498.web.app/search
14:30:19.687  INFO  manager.ListenerWD - Before Find Element By -->By.id: city
14:30:19.723  INFO  manager.ListenerWD - After Find Element By -->By.id: city
14:30:19.920  INFO  manager.ListenerWD - Before Find Element By -->By.cssSelector: div.pac-item
14:30:20.346  INFO  manager.ListenerWD - After Find Element By -->By.cssSelector: div.pac-item
14:30:20.417  INFO  manager.ListenerWD - Before Find Element By -->By.id: dates
14:30:20.461  INFO  manager.ListenerWD - After Find Element By -->By.id: dates
14:30:20.638  INFO  manager.HelperBase - year --> 2022
14:30:20.639  INFO  manager.HelperBase - Day of Month --> 22
14:30:20.639  INFO  manager.HelperBase - Month value --> 10
14:30:20.646  INFO  manager.ListenerWD - Before Find Element By -->By.cssSelector: button[type='submit']
14:30:20.710  INFO  manager.ListenerWD - After Find Element By -->By.cssSelector: button[type='submit']
14:30:22.513  INFO  manager.ListenerWD - We have a 'problem'
14:30:22.515  INFO  manager.ListenerWD - The name of error method  isDisplayed
14:30:22.520  INFO  manager.ListenerWD - Describe of error org.openqa.selenium.NoSuchWindowException: no such window: target window already closed
from unknown error: web view not found
  (Session info: chrome=106.0.5249.119)
Build info: version: '4.4.0', revision: 'e5c75ed026a'
System info: host: 'DESKTOP-PPG6IOE', ip: '192.168.1.220', os.name: 'Windows 10', os.arch: 'amd64', os.version: '10.0', java.version: '11.0.16.1'
Driver info: org.openqa.selenium.chrome.ChromeDriver
Command: [7896b40ac2e0841b532c199b884a3687, isElementDisplayed {id=d194bd2c-112f-4cb2-a02c-c30be0630489}]
Capabilities {acceptInsecureCerts: false, browserName: chrome, browserVersion: 106.0.5249.119, chrome: {chromedriverVersion: 106.0.5249.61 (511755355844..., userDataDir: C:\Users\E129~1\AppData\Loc...}, goog:chromeOptions: {debuggerAddress: localhost:61068}, networkConnectionEnabled: false, pageLoadStrategy: normal, platformName: WINDOWS, proxy: Proxy(), se:cdp: ws://localhost:61068/devtoo..., se:cdpVersion: 106.0.5249.119, setWindowRect: true, strictFileInteractability: false, timeouts: {implicit: 0, pageLoad: 300000, script: 30000}, unhandledPromptBehavior: dismiss and notify, webauthn:extension:credBlob: true, webauthn:extension:largeBlob: true, webauthn:virtualAuthenticators: true}
Element: [[ChromeDriver: chrome on WINDOWS (7896b40ac2e0841b532c199b884a3687)] -> css selector: button[type='submit']]
Session ID: 7896b40ac2e0841b532c199b884a3687
14:30:22.522  INFO  manager.ListenerWD - *********************
14:30:22.522  INFO  manager.ListenerWD - [[ChromeDriver: chrome on WINDOWS (7896b40ac2e0841b532c199b884a3687)] -> css selector: button[type='submit']]
14:30:22.545  INFO  manager.ListenerWD - Screen with error is  1688 ****src/test/screenshots/screen1688.png
14:30:23.192  INFO  manager.ListenerWD - We have a 'problem'
14:30:23.192  INFO  manager.ListenerWD - The name of error method  isDisplayed
14:30:23.193  INFO  manager.ListenerWD - Describe of error org.openqa.selenium.NoSuchWindowException: no such window: target window already closed
from unknown error: web view not found
  (Session info: chrome=106.0.5249.119)
Build info: version: '4.4.0', revision: 'e5c75ed026a'
System info: host: 'DESKTOP-PPG6IOE', ip: '192.168.1.220', os.name: 'Windows 10', os.arch: 'amd64', os.version: '10.0', java.version: '11.0.16.1'
Driver info: org.openqa.selenium.chrome.ChromeDriver
Command: [7896b40ac2e0841b532c199b884a3687, isElementDisplayed {id=d194bd2c-112f-4cb2-a02c-c30be0630489}]
Capabilities {acceptInsecureCerts: false, browserName: chrome, browserVersion: 106.0.5249.119, chrome: {chromedriverVersion: 106.0.5249.61 (511755355844..., userDataDir: C:\Users\E129~1\AppData\Loc...}, goog:chromeOptions: {debuggerAddress: localhost:61068}, networkConnectionEnabled: false, pageLoadStrategy: normal, platformName: WINDOWS, proxy: Proxy(), se:cdp: ws://localhost:61068/devtoo..., se:cdpVersion: 106.0.5249.119, setWindowRect: true, strictFileInteractability: false, timeouts: {implicit: 0, pageLoad: 300000, script: 30000}, unhandledPromptBehavior: dismiss and notify, webauthn:extension:credBlob: true, webauthn:extension:largeBlob: true, webauthn:virtualAuthenticators: true}
Element: [[ChromeDriver: chrome on WINDOWS (7896b40ac2e0841b532c199b884a3687)] -> css selector: button[type='submit']]
Session ID: 7896b40ac2e0841b532c199b884a3687
14:30:23.194  INFO  manager.ListenerWD - *********************
14:30:23.194  INFO  manager.ListenerWD - [[ChromeDriver: chrome on WINDOWS (7896b40ac2e0841b532c199b884a3687)] -> css selector: button[type='submit']]
14:30:23.194  INFO  manager.ListenerWD - Screen with error is  1791 ****src/test/screenshots/screen1791.png
