16:39:30.614  INFO  manager.ApplicationManager - All tests start in  ChromeDriver
16:39:32.460  INFO  manager.ApplicationManager - The current url is --->https://ilcarro-1578153671498.web.app/search
16:39:32.564  INFO  manager.ListenerWD - Before Find Elements By -->By.xpath: //a[text()=' Logout ']
16:39:37.632  INFO  manager.ListenerWD - After Find Elements By -->By.xpath: //a[text()=' Logout ']
16:39:37.633  INFO  manager.ListenerWD - List size is -->0
16:39:37.636  INFO  TestBase - Login scenario success was used data email: mashka@gmail.com & password: mashkA12345$5
16:39:37.637  INFO  manager.ListenerWD - Before Find Element By -->By.cssSelector: a[href ^='/login']
16:39:37.683  INFO  manager.ListenerWD - After Find Element By -->By.cssSelector: a[href ^='/login']
16:39:37.795  INFO  manager.ListenerWD - Before Find Element By -->By.id: email
16:39:37.855  INFO  manager.ListenerWD - After Find Element By -->By.id: email
16:39:38.181  INFO  manager.ListenerWD - Before Find Element By -->By.id: password
16:39:38.232  INFO  manager.ListenerWD - After Find Element By -->By.id: password
16:39:38.496  INFO  manager.ListenerWD - Before Find Element By -->By.cssSelector: button[type='submit
16:39:38.553  INFO  manager.ListenerWD - After Find Element By -->By.cssSelector: button[type='submit
16:39:38.656  INFO  manager.ListenerWD - Before Find Element By -->By.cssSelector: button[type='submit']
16:39:38.691  INFO  manager.ListenerWD - After Find Element By -->By.cssSelector: button[type='submit']
16:39:38.791  INFO  manager.ListenerWD - Before Find Element By -->By.cssSelector: div.dialog-container
16:39:39.223  INFO  manager.ListenerWD - After Find Element By -->By.cssSelector: div.dialog-container
16:39:39.257  INFO  manager.ListenerWD - Before Find Element By -->By.cssSelector: h2.message
16:39:39.302  INFO  manager.ListenerWD - After Find Element By -->By.cssSelector: h2.message
16:39:39.337  INFO  TestBase - In assert checked message 'Logged in success' in dialog  
16:39:39.344  INFO  manager.ListenerWD - Before Find Elements By -->By.xpath: //a[text()=' Logout ']
16:39:39.392  INFO  manager.ListenerWD - After Find Elements By -->By.xpath: //a[text()=' Logout ']
16:39:39.394  INFO  manager.ListenerWD - List size is -->1
16:39:39.395  INFO  manager.ListenerWD - Before Find Element By -->By.xpath: //a[text()=' Logout ']
16:39:39.485  INFO  manager.ListenerWD - After Find Element By -->By.xpath: //a[text()=' Logout ']
16:39:40.575  INFO  manager.ListenerWD - We have a 'problem'
16:39:40.576  INFO  manager.ListenerWD - The name of error method  click
16:39:40.581  INFO  manager.ListenerWD - Describe of error org.openqa.selenium.ElementClickInterceptedException: element click intercepted: Element <a _ngcontent-raa-c25="" class="navigation-link ng-star-inserted" href="/logout?url=%2Fsearch">...</a> is not clickable at point (1126, 34). Other element would receive the click: <div class="cdk-overlay-backdrop cdk-overlay-dark-backdrop cdk-overlay-backdrop-showing"></div>
  (Session info: chrome=106.0.5249.119)
Build info: version: '4.4.0', revision: 'e5c75ed026a'
System info: host: 'DESKTOP-PPG6IOE', ip: '192.168.1.220', os.name: 'Windows 10', os.arch: 'amd64', os.version: '10.0', java.version: '11.0.16.1'
Driver info: org.openqa.selenium.chrome.ChromeDriver
Command: [b215356d307984121f8789238aabdab8, clickElement {id=d6781944-b2a3-4374-8082-cc0c94388953}]
Capabilities {acceptInsecureCerts: false, browserName: chrome, browserVersion: 106.0.5249.119, chrome: {chromedriverVersion: 106.0.5249.61 (511755355844..., userDataDir: C:\Users\E129~1\AppData\Loc...}, goog:chromeOptions: {debuggerAddress: localhost:65446}, networkConnectionEnabled: false, pageLoadStrategy: normal, platformName: WINDOWS, proxy: Proxy(), se:cdp: ws://localhost:65446/devtoo..., se:cdpVersion: 106.0.5249.119, setWindowRect: true, strictFileInteractability: false, timeouts: {implicit: 0, pageLoad: 300000, script: 30000}, unhandledPromptBehavior: dismiss and notify, webauthn:extension:credBlob: true, webauthn:extension:largeBlob: true, webauthn:virtualAuthenticators: true}
Element: [[ChromeDriver: chrome on WINDOWS (b215356d307984121f8789238aabdab8)] -> xpath: //a[text()=' Logout ']]
Session ID: b215356d307984121f8789238aabdab8
16:39:40.582  INFO  manager.ListenerWD - *********************
16:39:40.582  INFO  manager.ListenerWD - [[ChromeDriver: chrome on WINDOWS (b215356d307984121f8789238aabdab8)] -> xpath: //a[text()=' Logout ']]
16:39:40.588  INFO  manager.ListenerWD - Screen with error is  1724 ****src/test/screenshots/screen1724.png
