17:26:29.873  INFO  manager.ApplicationManager - All tests start in  ChromeDriver
17:26:31.583  INFO  manager.ApplicationManager - The current url is --->https://ilcarro-1578153671498.web.app/search
17:26:31.688  INFO  manager.ListenerWD - Before Find Elements By -->By.xpath: //a[text()=' Logout ']
17:26:36.727  INFO  manager.ListenerWD - After Find Elements By -->By.xpath: //a[text()=' Logout ']
17:26:36.728  INFO  manager.ListenerWD - List size is -->0
17:26:36.731  INFO  TestBase - Login scenario success was used data email: mashka@gmail.com & password: mashkA12345$5
17:26:36.733  INFO  manager.ListenerWD - Before Find Element By -->By.cssSelector: a[href ^='/login']
17:26:36.783  INFO  manager.ListenerWD - After Find Element By -->By.cssSelector: a[href ^='/login']
17:26:36.929  INFO  manager.ListenerWD - Before Find Element By -->By.id: email
17:26:37.020  INFO  manager.ListenerWD - After Find Element By -->By.id: email
17:26:37.358  INFO  manager.ListenerWD - Before Find Element By -->By.id: password
17:26:37.395  INFO  manager.ListenerWD - After Find Element By -->By.id: password
17:26:37.953  INFO  manager.ListenerWD - Before Find Element By -->By.cssSelector: button[type='submit
17:26:38.089  INFO  manager.ListenerWD - After Find Element By -->By.cssSelector: button[type='submit
17:26:38.327  INFO  manager.ListenerWD - Before Find Element By -->By.cssSelector: button[type='submit']
17:26:38.376  INFO  manager.ListenerWD - After Find Element By -->By.cssSelector: button[type='submit']
17:26:38.478  INFO  manager.ListenerWD - Before Find Element By -->By.cssSelector: div.dialog-container
17:26:39.428  INFO  manager.ListenerWD - After Find Element By -->By.cssSelector: div.dialog-container
17:26:39.497  INFO  manager.ListenerWD - Before Find Element By -->By.cssSelector: h2.message
17:26:39.568  INFO  manager.ListenerWD - After Find Element By -->By.cssSelector: h2.message
17:26:39.607  INFO  TestBase - In assert checked message 'Logged in success' in dialog  
17:26:39.613  INFO  manager.ListenerWD - Before Find Elements By -->By.xpath: //button[text()='Ok']
17:26:39.683  INFO  manager.ListenerWD - After Find Elements By -->By.xpath: //button[text()='Ok']
17:26:39.685  INFO  manager.ListenerWD - List size is -->1
17:26:39.688  INFO  manager.ListenerWD - Before Find Element By -->By.xpath: //button[text()='Ok']
17:26:39.745  INFO  manager.ListenerWD - After Find Element By -->By.xpath: //button[text()='Ok']
17:26:39.794  INFO  manager.HelperBase - Click OK button was needed
17:26:39.802  INFO  manager.ListenerWD - Before Find Elements By -->By.xpath: //a[text()=' Logout ']
17:26:39.842  INFO  manager.ListenerWD - After Find Elements By -->By.xpath: //a[text()=' Logout ']
17:26:39.843  INFO  manager.ListenerWD - List size is -->1
17:26:39.843  INFO  manager.ListenerWD - Before Find Element By -->By.xpath: //a[text()=' Logout ']
17:26:39.975  INFO  manager.ListenerWD - After Find Element By -->By.xpath: //a[text()=' Logout ']
17:26:40.093  INFO  TestBase - The logout was needed 
17:26:40.100  INFO  TestBase - Login scenario success was used data email: mashapetrova@gmail.com & password: mashkA12345%6
17:26:40.101  INFO  manager.ListenerWD - Before Find Element By -->By.cssSelector: a[href ^='/login']
17:26:40.127  INFO  manager.ListenerWD - After Find Element By -->By.cssSelector: a[href ^='/login']
17:26:40.266  INFO  manager.ListenerWD - Before Find Element By -->By.id: email
17:26:40.293  INFO  manager.ListenerWD - After Find Element By -->By.id: email
17:26:40.516  INFO  manager.ListenerWD - Before Find Element By -->By.id: password
17:26:40.549  INFO  manager.ListenerWD - After Find Element By -->By.id: password
17:26:40.776  INFO  manager.ListenerWD - Before Find Element By -->By.cssSelector: button[type='submit
17:26:40.837  INFO  manager.ListenerWD - After Find Element By -->By.cssSelector: button[type='submit
17:26:40.904  INFO  manager.ListenerWD - Before Find Element By -->By.cssSelector: button[type='submit']
17:26:40.942  INFO  manager.ListenerWD - After Find Element By -->By.cssSelector: button[type='submit']
17:26:41.000  INFO  manager.ListenerWD - Before Find Element By -->By.cssSelector: div.dialog-container
17:26:41.351  INFO  manager.ListenerWD - After Find Element By -->By.cssSelector: div.dialog-container
17:26:41.388  INFO  manager.ListenerWD - Before Find Element By -->By.cssSelector: h2.message
17:26:41.436  INFO  manager.ListenerWD - After Find Element By -->By.cssSelector: h2.message
17:26:41.500  INFO  TestBase - In assert checked message 'Logged in success' in dialog  
17:26:41.504  INFO  manager.ListenerWD - Before Find Elements By -->By.xpath: //button[text()='Ok']
17:26:41.552  INFO  manager.ListenerWD - After Find Elements By -->By.xpath: //button[text()='Ok']
17:26:41.553  INFO  manager.ListenerWD - List size is -->1
17:26:41.553  INFO  manager.ListenerWD - Before Find Element By -->By.xpath: //button[text()='Ok']
17:26:41.625  INFO  manager.ListenerWD - After Find Element By -->By.xpath: //button[text()='Ok']
17:26:41.755  INFO  manager.HelperBase - Click OK button was needed
17:26:41.756  INFO  manager.ListenerWD - Before Find Elements By -->By.xpath: //a[text()=' Logout ']
17:26:41.804  INFO  manager.ListenerWD - After Find Elements By -->By.xpath: //a[text()=' Logout ']
17:26:41.805  INFO  manager.ListenerWD - List size is -->1
17:26:41.806  INFO  manager.ListenerWD - Before Find Element By -->By.xpath: //a[text()=' Logout ']
17:26:41.920  INFO  manager.ListenerWD - After Find Element By -->By.xpath: //a[text()=' Logout ']
17:26:42.044  INFO  TestBase - The logout was needed 
17:26:42.050  INFO  TestBase - Login scenario success was used data email: mashkavasina@gmail.com & password: mashkA12345$7
17:26:42.053  INFO  manager.ListenerWD - Before Find Element By -->By.cssSelector: a[href ^='/login']
17:26:42.085  INFO  manager.ListenerWD - After Find Element By -->By.cssSelector: a[href ^='/login']
17:26:42.203  INFO  manager.ListenerWD - Before Find Element By -->By.id: email
17:26:42.224  INFO  manager.ListenerWD - After Find Element By -->By.id: email
17:26:42.446  INFO  manager.ListenerWD - Before Find Element By -->By.id: password
17:26:42.473  INFO  manager.ListenerWD - After Find Element By -->By.id: password
17:26:42.786  INFO  manager.ListenerWD - Before Find Element By -->By.cssSelector: button[type='submit
17:26:42.820  INFO  manager.ListenerWD - After Find Element By -->By.cssSelector: button[type='submit
17:26:42.872  INFO  manager.ListenerWD - Before Find Element By -->By.cssSelector: button[type='submit']
17:26:42.905  INFO  manager.ListenerWD - After Find Element By -->By.cssSelector: button[type='submit']
17:26:42.974  INFO  manager.ListenerWD - Before Find Element By -->By.cssSelector: div.dialog-container
17:26:43.552  INFO  manager.ListenerWD - After Find Element By -->By.cssSelector: div.dialog-container
17:26:43.585  INFO  manager.ListenerWD - Before Find Element By -->By.cssSelector: h2.message
17:26:43.620  INFO  manager.ListenerWD - After Find Element By -->By.cssSelector: h2.message
17:26:43.654  INFO  TestBase - In assert checked message 'Logged in success' in dialog  
17:26:43.655  INFO  manager.ListenerWD - Before Find Elements By -->By.xpath: //button[text()='Ok']
17:26:43.701  INFO  manager.ListenerWD - After Find Elements By -->By.xpath: //button[text()='Ok']
17:26:43.702  INFO  manager.ListenerWD - List size is -->1
17:26:43.702  INFO  manager.ListenerWD - Before Find Element By -->By.xpath: //button[text()='Ok']
17:26:43.737  INFO  manager.ListenerWD - After Find Element By -->By.xpath: //button[text()='Ok']
17:26:43.824  INFO  manager.HelperBase - Click OK button was needed
